<?xml version="1.0" encoding="UTF-8"?>
<!-- Generated by org.testng.reporters.JUnitReportReporter -->
<testsuite hostname="DESKTOP-1HIRG0U" failures="0" tests="1" name="Amazon.ProductSearchAndAddInCart.Test.ProductSearchAndAddInCartTest" time="84.467" errors="0" timestamp="2024-01-21T11:31:43 IST" skipped="0">
  <testcase classname="Amazon.ProductSearchAndAddInCart.Test.ProductSearchAndAddInCartTest" name="productSearch" time="84.467"/>
  <system-out/>
</testsuite> <!-- Amazon.ProductSearchAndAddInCart.Test.ProductSearchAndAddInCartTest -->
