<?xml version="1.0" encoding="UTF-8"?>
<!-- Generated by org.testng.reporters.JUnitReportReporter -->
<testsuite hostname="DESKTOP-1HIRG0U" failures="0" tests="1" name="Amazon.ProductSearchAndAddInCart.Test.ProductSearchAndAddInCartTest" time="87.800" errors="0" timestamp="2024-01-21T13:40:07 IST" skipped="0">
  <testcase classname="Amazon.ProductSearchAndAddInCart.Test.ProductSearchAndAddInCartTest" name="productSearchAndAddInCartTest" time="87.800"/>
  <system-out/>
</testsuite> <!-- Amazon.ProductSearchAndAddInCart.Test.ProductSearchAndAddInCartTest -->
