<?xml version="1.0" encoding="UTF-8"?>
<!-- Generated by org.testng.reporters.JUnitReportReporter -->
<testsuite hostname="DESKTOP-1HIRG0U" failures="0" tests="1" name="Amazon.Login.Test.LoginTest" time="43.434" errors="0" timestamp="2024-01-21T12:32:09 IST" skipped="0">
  <testcase classname="Amazon.Login.Test.LoginTest" name="login" time="43.434"/>
  <system-out/>
</testsuite> <!-- Amazon.Login.Test.LoginTest -->
