<?xml version="1.0" encoding="UTF-8"?>
<!-- Generated by org.testng.reporters.JUnitReportReporter -->
<testsuite hostname="DESKTOP-1HIRG0U" failures="0" tests="1" name="Amazon.ProductSearch.Test.ProductSearchTest" time="41.209" errors="0" timestamp="2024-01-21T02:39:19 IST" skipped="0">
  <testcase classname="Amazon.ProductSearch.Test.ProductSearchTest" name="productSearch" time="41.209"/>
  <system-out/>
</testsuite> <!-- Amazon.ProductSearch.Test.ProductSearchTest -->
